<?xml version="1.0" encoding="UTF-8"?>
<!-- Generated by org.testng.reporters.JUnitXMLReporter -->
<testsuite ignored="7" hostname="AYA-XJARIRI" failures="0" tests="1" name="Default test" time="14.481" errors="0" timestamp="2024-10-27T20:05:44 EET">
  <testcase classname="almosaferroject.firstClass" name="RandomlyChangeTheLanguage" time="2.663"/>
  <testcase classname="almosaferroject.firstClass" name="CheckHotelTabIsNotSelected" time="0.0">
    <ignored/>
  </testcase> <!-- CheckHotelTabIsNotSelected -->
  <testcase classname="almosaferroject.firstClass" name="CheckQitafLogoIsThereInTheFooter" time="0.0">
    <ignored/>
  </testcase> <!-- CheckQitafLogoIsThereInTheFooter -->
  <testcase classname="almosaferroject.firstClass" name="CheckReturnDate" time="0.0">
    <ignored/>
  </testcase> <!-- CheckReturnDate -->
  <testcase classname="almosaferroject.firstClass" name="CheckDepatureDate" time="0.0">
    <ignored/>
  </testcase> <!-- CheckDepatureDate -->
  <testcase classname="almosaferroject.firstClass" name="CheckTheEnglishLanguageIsDefault" time="0.0">
    <ignored/>
  </testcase> <!-- CheckTheEnglishLanguageIsDefault -->
  <testcase classname="almosaferroject.firstClass" name="CheckTheDefaultCurrencyIsSAR" time="0.0">
    <ignored/>
  </testcase> <!-- CheckTheDefaultCurrencyIsSAR -->
  <testcase classname="almosaferroject.firstClass" name="CheckContactNumber" time="0.0">
    <ignored/>
  </testcase> <!-- CheckContactNumber -->
</testsuite> <!-- Default test -->
