<?xml version="1.0" encoding="UTF-8"?>
<testng-results ignored="7" total="8" passed="1" failed="0" skipped="0">
  <reporter-output>
  </reporter-output>
  <suite started-at="2024-10-27T20:05:29 EET" name="Default suite" finished-at="2024-10-27T20:05:44 EET" duration-ms="14481">
    <groups>
    </groups>
    <test started-at="2024-10-27T20:05:29 EET" name="Default test" finished-at="2024-10-27T20:05:44 EET" duration-ms="14481">
      <class name="almosaferroject.firstClass">
        <test-method is-config="true" signature="mySetup()[pri:0, instance:almosaferroject.firstClass@16f7b4af]" started-at="2024-10-27T20:05:29 EET" name="mySetup" finished-at="2024-10-27T20:05:41 EET" duration-ms="11726" status="PASS">
          <reporter-output>
          </reporter-output>
        </test-method> <!-- mySetup -->
        <test-method signature="RandomlyChangeTheLanguage()[pri:8, instance:almosaferroject.firstClass@16f7b4af]" started-at="2024-10-27T20:05:41 EET" name="RandomlyChangeTheLanguage" finished-at="2024-10-27T20:05:44 EET" duration-ms="2663" status="PASS">
          <reporter-output>
          </reporter-output>
        </test-method> <!-- RandomlyChangeTheLanguage -->
      </class> <!-- almosaferroject.firstClass -->
    </test> <!-- Default test -->
  </suite> <!-- Default suite -->
</testng-results>
